<?xml version="1.0" encoding="UTF-8"?>
<!-- Generated by org.testng.reporters.JUnitReportReporter -->
<testsuite hostname="Prashanth" failures="1" tests="7" name="cucumberOptions.TestNGRunner" time="0.160" errors="0" timestamp="2023-11-06T07:11:19 IST" skipped="0">
  <testcase classname="cucumberOptions.TestNGRunner" name="runScenario" time="0.016"/>
  <testcase classname="cucumberOptions.TestNGRunner" name="runScenario" time="0.029">
    <failure type="java.lang.AssertionError">
      <![CDATA[java.lang.AssertionError
at org.junit.Assert.fail(Assert.java:86)
at org.junit.Assert.assertTrue(Assert.java:41)
at org.junit.Assert.assertTrue(Assert.java:52)
at stepDefinitions.MainSteps.user_is_on_practice_landing_page(MainSteps.java:31)
at âœ½.User is on Practice Landing page(file:///C:/Users/hssri/GitX/SeleniumFrameworkDesign/src/test/java/features/FirstProgram.feature:40)
]]>
    </failure>
  </testcase> <!-- runScenario -->
  <testcase classname="cucumberOptions.TestNGRunner" name="runScenario" time="0.081"/>
  <testcase classname="cucumberOptions.TestNGRunner" name="runScenario" time="0.013"/>
  <testcase classname="cucumberOptions.TestNGRunner" name="runScenario" time="0.011"/>
  <testcase classname="cucumberOptions.TestNGRunner" name="runScenario" time="0.004"/>
  <testcase classname="cucumberOptions.TestNGRunner" name="runScenario" time="0.006"/>
</testsuite> <!-- cucumberOptions.TestNGRunner -->
