<?xml version="1.0" encoding="UTF-8"?>
<!-- Generated by org.testng.reporters.JUnitReportReporter -->
<testsuite hostname="Prashanth" failures="0" tests="6" name="cucumberOptions.TestNGRunner" time="0.169" errors="0" timestamp="2023-10-26T19:32:47 IST" skipped="0">
  <testcase classname="cucumberOptions.TestNGRunner" name="runScenario" time="0.006"/>
  <testcase classname="cucumberOptions.TestNGRunner" name="runScenario" time="0.011"/>
  <testcase classname="cucumberOptions.TestNGRunner" name="runScenario" time="0.003"/>
  <testcase classname="cucumberOptions.TestNGRunner" name="runScenario" time="0.003"/>
  <testcase classname="cucumberOptions.TestNGRunner" name="runScenario" time="0.004"/>
  <testcase classname="cucumberOptions.TestNGRunner" name="runScenario" time="0.142"/>
</testsuite> <!-- cucumberOptions.TestNGRunner -->
