<?xml version="1.0" encoding="UTF-8"?>
<!-- Generated by org.testng.reporters.JUnitReportReporter -->
<testsuite hostname="Prashanth" failures="0" tests="1" name="SumValidation" time="1.264" errors="0" timestamp="2023-11-04T22:50:36 IST" skipped="0">
  <testcase classname="SumValidation" name="sumOfCourses" time="1.264"/>
</testsuite> <!-- SumValidation -->
