<?xml version="1.0" encoding="UTF-8"?>
<!-- Generated by org.testng.reporters.JUnitReportReporter -->
<testsuite hostname="Prashanth" failures="0" tests="1" name="cucumberOptions.TestNGTestRunner" time="17.871" errors="0" timestamp="2023-10-28T11:17:39 IST" skipped="0">
  <testcase classname="cucumberOptions.TestNGTestRunner" name="runScenario" time="17.871"/>
</testsuite> <!-- cucumberOptions.TestNGTestRunner -->
